2021-03-29T20:08:01.014857+0300 spacy_lemmatization->tfidf->logreg is running. X shape = (8876, 100)
2021-03-29T20:08:00.989295+0300 spacy_lemmatization_rm_stopwords->tfidf->logreg is running. X shape = (8876, 100)
2021-03-29T20:08:07.255070+0300 spacy_lemmatization_rm_stopwords->bow->logreg is running. X shape = (8876, 100)
2021-03-29T20:08:07.567445+0300 spacy_lemmatization->bow->logreg is running. X shape = (8876, 100)
2021-03-29T20:09:11.816754+0300 spacy_lemmatization_rm_stopwords->w2v->logreg is running. X shape = (8876, 100)
2021-03-29T20:09:14.613846+0300 spacy_lemmatization->w2v->logreg is running. X shape = (8876, 100)
2021-03-29T20:09:27.858588+0300 spacy_lemmatization_rm_stopwords->bow->logreg is running. X shape = (8876, 100)
2021-03-29T20:09:28.104188+0300 spacy_lemmatization->bow->logreg is running. X shape = (8876, 100)
2021-03-29T20:09:28.999196+0300 spacy_lemmatization_rm_stopwords->tfidf->logreg is running. X shape = (8876, 100)
2021-03-29T20:09:29.511446+0300 spacy_lemmatization->tfidf->logreg is running. X shape = (8876, 100)
2021-03-29T20:09:44.884093+0300 spacy_lemmatization_rm_stopwords->w2v->logreg is done. output = 0.6913279845598181
2021-03-29T20:09:44.920465+0300 spacy_lemmatization->w2v->sgdclsf is running. X shape = (8876, 100)
2021-03-29T20:09:50.566744+0300 spacy_lemmatization->w2v->sgdclsf is done. output = 0.6951111468371305
2021-03-29T20:09:50.599879+0300 spacy_lemmatization_rm_stopwords->w2v->sgdclsf is running. X shape = (8876, 100)
2021-03-29T20:09:52.049925+0300 spacy_lemmatization->tfidf->logreg is done. output = 0.6683871757105864
2021-03-29T20:09:52.204737+0300 spacy_lemmatization->w2v->logreg is done. output = 0.7117184062586345
2021-03-29T20:09:55.550155+0300 spacy_lemmatization_rm_stopwords->tfidf->logreg is done. output = 0.6515887920630836
2021-03-29T20:09:58.950588+0300 spacy_lemmatization_rm_stopwords->w2v->sgdclsf is done. output = 0.6325765002022887
2021-03-29T20:09:59.153580+0300 spacy_lemmatization_rm_stopwords->bow->logreg is done. output = 0.6552925189541374
2021-03-29T20:10:04.990623+0300 spacy_lemmatization->bow->logreg is done. output = 0.6735755619225907
2021-03-29T20:10:14.053596+0300 spacy_lemmatization_rm_stopwords->tfidf->sgdclsf is running. X shape = (8876, 100)
2021-03-29T20:10:14.173741+0300 spacy_lemmatization->tfidf->sgdclsf is running. X shape = (8876, 100)
2021-03-29T20:10:16.888549+0300 spacy_lemmatization->bow->sgdclsf is running. X shape = (8876, 100)
2021-03-29T20:10:17.026648+0300 spacy_lemmatization_rm_stopwords->bow->sgdclsf is running. X shape = (8876, 100)
2021-03-29T20:10:17.053728+0300 spacy_lemmatization->tfidf->sgdclsf is done. output = 0.6133687724563864
2021-03-29T20:10:17.201530+0300 spacy_lemmatization_rm_stopwords->tfidf->sgdclsf is done. output = 0.5057401317527408
2021-03-29T20:10:19.385064+0300 spacy_lemmatization_rm_stopwords->bow->sgdclsf is done. output = 0.656929649500884
2021-03-29T20:10:19.669382+0300 spacy_lemmatization->bow->sgdclsf is done. output = 0.6724074270321256
2021-03-29T20:24:38.052456+0300 spacy_lemmatization_rm_stopwords->bow->logreg is running. X shape = (8876, 180)
2021-03-29T20:24:40.205471+0300 spacy_lemmatization->bow->logreg is running. X shape = (8876, 180)
2021-03-29T20:24:50.002448+0300 spacy_lemmatization_rm_stopwords->tfidf->logreg is running. X shape = (8876, 180)
2021-03-29T20:24:51.084088+0300 spacy_lemmatization->tfidf->logreg is running. X shape = (8876, 180)
2021-03-29T20:25:35.973122+0300 spacy_lemmatization_rm_stopwords->bow+tfidf+w2w->logreg is running. X shape = (8876, 180)
2021-03-29T20:25:36.430672+0300 spacy_lemmatization->bow+tfidf+w2w->logreg is running. X shape = (8876, 180)
2021-03-29T20:25:37.739451+0300 spacy_lemmatization->tfidf->logreg is done. output = 0.7036788485187961
2021-03-29T20:27:12.411945+0300 spacy_lemmatization_rm_stopwords->bow->logreg is running. X shape = (8876, 180)
2021-03-29T20:27:13.587978+0300 spacy_lemmatization->bow->logreg is running. X shape = (8876, 180)
2021-03-29T20:27:19.311919+0300 spacy_lemmatization_rm_stopwords->tfidf->logreg is running. X shape = (8876, 180)
2021-03-29T20:27:23.876513+0300 spacy_lemmatization->tfidf->logreg is running. X shape = (8876, 180)
2021-03-29T20:28:07.322262+0300 spacy_lemmatization_rm_stopwords->bow+tfidf+w2w->logreg is running. X shape = (8876, 180)
2021-03-29T20:28:08.376597+0300 spacy_lemmatization->bow+tfidf+w2w->logreg is running. X shape = (8876, 180)
2021-03-29T20:28:11.268058+0300 spacy_lemmatization_rm_stopwords->tfidf->logreg is done. output = 0.6901704049455573
2021-03-29T20:28:11.956894+0300 spacy_lemmatization->tfidf->logreg is done. output = 0.7036788485187961
2021-03-29T20:28:20.714247+0300 spacy_lemmatization_rm_stopwords->bow->logreg is done. output = 0.7017553156470617
2021-03-29T20:33:18.101890+0300 spacy_lemmatization->bow->logreg is running. X shape = (8876, 180)
2021-03-29T20:33:21.407602+0300 spacy_lemmatization_rm_stopwords->bow->logreg is running. X shape = (8876, 180)
2021-03-29T20:33:29.722674+0300 spacy_lemmatization_rm_stopwords->tfidf->logreg is running. X shape = (8876, 180)
2021-03-29T20:33:29.725559+0300 spacy_lemmatization->tfidf->logreg is running. X shape = (8876, 180)
2021-03-29T20:34:09.351299+0300 spacy_lemmatization_rm_stopwords->bow+tfidf+w2w->logreg is running. X shape = (8876, 180)
2021-03-29T20:34:10.651620+0300 spacy_lemmatization->bow+tfidf+w2w->logreg is running. X shape = (8876, 180)
2021-03-29T20:34:15.411750+0300 spacy_lemmatization->tfidf->logreg is done. output = 0.7036788485187961
2021-03-29T20:34:20.897728+0300 spacy_lemmatization_rm_stopwords->tfidf->logreg is done. output = 0.6901704049455573
2021-03-29T20:34:28.459753+0300 spacy_lemmatization_rm_stopwords->bow->logreg is done. output = 0.7017553156470617
2021-03-29T20:34:28.565305+0300 spacy_lemmatization->w2v->logreg is running. X shape = (8876, 100)
2021-03-29T20:34:36.136837+0300 spacy_lemmatization->bow->logreg is done. output = 0.7085924739165862
2021-03-29T20:34:36.206891+0300 spacy_lemmatization->w2v->sgdclsf is running. X shape = (8876, 100)
2021-03-29T20:34:46.252744+0300 spacy_lemmatization->w2v->sgdclsf is done. output = 0.6982551293263883
2021-03-29T20:34:46.357465+0300 spacy_lemmatization_rm_stopwords->w2v->logreg is running. X shape = (8876, 100)
2021-03-29T20:35:00.747782+0300 spacy_lemmatization->bow+tfidf+w2w->sgdclsf is running. X shape = (8876, 180)
2021-03-29T20:35:08.476134+0300 spacy_lemmatization_rm_stopwords->bow+tfidf+w2w->sgdclsf is running. X shape = (8876, 180)
2021-03-29T20:35:12.038650+0300 spacy_lemmatization->bow+tfidf+w2w->sgdclsf is done. output = 0.697329587002393
2021-03-29T20:35:12.100655+0300 spacy_lemmatization_rm_stopwords->w2v->sgdclsf is running. X shape = (8876, 100)
2021-03-29T20:35:16.859900+0300 spacy_lemmatization_rm_stopwords->bow+tfidf+w2w->sgdclsf is done. output = 0.681399093259774
2021-03-29T20:35:18.868470+0300 spacy_lemmatization_rm_stopwords->w2v->sgdclsf is done. output = 0.6479369411811366
2021-03-29T20:35:26.896008+0300 spacy_lemmatization->w2v->logreg is done. output = 0.7174111906450417
2021-03-29T20:35:39.438694+0300 spacy_lemmatization_rm_stopwords->w2v->logreg is done. output = 0.6906116785542402
2021-03-29T20:35:41.540587+0300 spacy_lemmatization_rm_stopwords->tfidf->sgdclsf is running. X shape = (8876, 180)
2021-03-29T20:35:42.178020+0300 spacy_lemmatization->tfidf->sgdclsf is running. X shape = (8876, 180)
2021-03-29T20:35:48.649009+0300 spacy_lemmatization->bow->sgdclsf is running. X shape = (8876, 180)
2021-03-29T20:35:50.771326+0300 spacy_lemmatization_rm_stopwords->tfidf->sgdclsf is done. output = 0.5446805687838479
2021-03-29T20:35:51.604799+0300 spacy_lemmatization->tfidf->sgdclsf is done. output = 0.634590869875064
2021-03-29T20:35:54.290727+0300 spacy_lemmatization_rm_stopwords->bow->sgdclsf is running. X shape = (8876, 180)
2021-03-29T20:35:57.141980+0300 spacy_lemmatization->bow->sgdclsf is done. output = 0.7005387513094512
2021-03-29T20:36:00.602139+0300 spacy_lemmatization_rm_stopwords->bow->sgdclsf is done. output = 0.686456534033278
2021-03-29T20:36:13.974579+0300 spacy_lemmatization_rm_stopwords->bow+tfidf+w2w->logreg is done. output = 0.6888988028056946
2021-03-29T20:36:18.314059+0300 spacy_lemmatization->bow+tfidf+w2w->logreg is done. output = 0.7198718439467056
2021-03-29T20:54:48.911666+0300 spacy_lemmatization_rm_stopwords->bow->catboost is running. X shape = (8876, 180)
2021-03-29T21:10:51.751455+0300 spacy_lemmatization_rm_stopwords->bow->catboost is running. X shape = (8876, 180)
2021-03-29T21:12:36.925024+0300 spacy_lemmatization_rm_stopwords->bow->catboost is running. X shape = (8876, 180)
2021-03-29T21:12:38.746407+0300 spacy_lemmatization->bow->catboost is running. X shape = (8876, 180)
2021-03-29T21:12:48.834775+0300 spacy_lemmatization_rm_stopwords->bow->catboost is done. output = 0
2021-03-29T21:12:48.997155+0300 spacy_lemmatization->w2v->catboost is running. X shape = (8876, 100)
2021-03-29T21:12:50.819408+0300 spacy_lemmatization_rm_stopwords->tfidf->catboost is running. X shape = (8876, 180)
2021-03-29T21:12:51.803098+0300 spacy_lemmatization->tfidf->catboost is running. X shape = (8876, 180)
2021-03-29T21:12:58.935816+0300 spacy_lemmatization_rm_stopwords->tfidf->catboost is done. output = 0
2021-03-29T21:12:59.016669+0300 spacy_lemmatization_rm_stopwords->w2v->catboost is running. X shape = (8876, 100)
2021-03-29T21:13:32.640346+0300 spacy_lemmatization_rm_stopwords->bow+tfidf+w2w->catboost is running. X shape = (8876, 180)
2021-03-29T21:13:36.138630+0300 spacy_lemmatization->bow+tfidf+w2w->catboost is running. X shape = (8876, 180)
2021-03-29T21:15:39.520644+0300 spacy_lemmatization_rm_stopwords->bow->catboost is running. X shape = (8876, 180)
2021-03-29T21:15:43.566003+0300 spacy_lemmatization->bow->catboost is running. X shape = (8876, 180)
2021-03-29T21:15:48.101416+0300 spacy_lemmatization_rm_stopwords->tfidf->catboost is running. X shape = (8876, 180)
2021-03-29T21:15:51.619720+0300 spacy_lemmatization->tfidf->catboost is running. X shape = (8876, 180)
2021-03-29T21:15:52.325400+0300 spacy_lemmatization_rm_stopwords->bow->catboost is done. output = 0
2021-03-29T21:15:52.397185+0300 spacy_lemmatization->w2v->catboost is running. X shape = (8876, 100)
2021-03-29T21:15:54.338661+0300 spacy_lemmatization_rm_stopwords->tfidf->catboost is done. output = 0
2021-03-29T21:15:54.409503+0300 spacy_lemmatization_rm_stopwords->w2v->catboost is running. X shape = (8876, 100)
2021-03-29T21:16:28.791376+0300 spacy_lemmatization_rm_stopwords->bow+tfidf+w2w->catboost is running. X shape = (8876, 180)
2021-03-29T21:16:32.089089+0300 spacy_lemmatization->bow+tfidf+w2w->catboost is running. X shape = (8876, 180)
2021-03-29T21:18:16.474915+0300 spacy_lemmatization_rm_stopwords->bow->catboost is running. X shape = (8876, 180)
2021-03-29T21:18:20.226376+0300 spacy_lemmatization->bow->catboost is running. X shape = (8876, 180)
2021-03-29T21:18:27.453874+0300 spacy_lemmatization->tfidf->catboost is running. X shape = (8876, 180)
2021-03-29T21:18:28.079742+0300 spacy_lemmatization_rm_stopwords->bow->catboost is done. output = 0
2021-03-29T21:18:28.166369+0300 spacy_lemmatization->w2v->catboost is running. X shape = (8876, 100)
2021-03-29T21:18:30.398967+0300 spacy_lemmatization_rm_stopwords->tfidf->catboost is running. X shape = (8876, 180)
2021-03-29T21:18:39.035423+0300 spacy_lemmatization_rm_stopwords->tfidf->catboost is done. output = 0
2021-03-29T21:18:39.118380+0300 spacy_lemmatization_rm_stopwords->w2v->catboost is running. X shape = (8876, 100)
2021-03-29T21:21:05.071838+0300 spacy_lemmatization_rm_stopwords->bow->catboost is running. X shape = (8876, 180)
2021-03-29T21:21:08.199921+0300 spacy_lemmatization->bow->catboost is running. X shape = (8876, 180)
2021-03-29T21:21:16.872979+0300 spacy_lemmatization_rm_stopwords->tfidf->catboost is running. X shape = (8876, 180)
2021-03-29T21:21:18.161482+0300 spacy_lemmatization->tfidf->catboost is running. X shape = (8876, 180)
2021-03-29T21:21:21.467934+0300 spacy_lemmatization_rm_stopwords->bow->catboost is done. output = 0.6458554776366848
2021-03-29T21:21:21.570159+0300 spacy_lemmatization->w2v->catboost is running. X shape = (8876, 100)
2021-03-29T21:21:24.169023+0300 spacy_lemmatization_rm_stopwords->tfidf->catboost is done. output = 0.6152054431271657
2021-03-29T21:21:24.243484+0300 spacy_lemmatization_rm_stopwords->w2v->catboost is running. X shape = (8876, 100)
2021-03-29T21:21:52.647572+0300 spacy_lemmatization->bow+tfidf+w2w->catboost is running. X shape = (8876, 180)
2021-03-29T21:21:55.600138+0300 spacy_lemmatization_rm_stopwords->bow+tfidf+w2w->catboost is running. X shape = (8876, 180)
2021-03-29T21:22:53.633113+0300 spacy_lemmatization->bow+tfidf+w2w->catboost is done. output = 0.7032843414416596
2021-03-29T21:22:54.646379+0300 spacy_lemmatization->bow->catboost is done. output = 0.7150094987781832
2021-03-29T21:22:59.866956+0300 spacy_lemmatization->w2v->catboost is done. output = 0.713840751174985
2021-03-29T21:23:01.416235+0300 spacy_lemmatization->tfidf->catboost is done. output = 0.7022440097173049
2021-03-29T21:23:06.957339+0300 spacy_lemmatization_rm_stopwords->bow+tfidf+w2w->catboost is done. output = 0.702307759053584
2021-03-29T21:23:07.418341+0300 spacy_lemmatization_rm_stopwords->w2v->catboost is done. output = 0.6956263746920057
2021-03-29T22:17:51.339581+0300 spacy_lemmatization_rm_stopwords->bow->catboost is running. X shape = (8876, 180)
2021-03-29T22:17:52.258201+0300 spacy_lemmatization->bow->catboost is running. X shape = (8876, 180)
2021-03-29T22:18:00.705851+0300 spacy_lemmatization_rm_stopwords->tfidf->catboost is running. X shape = (8876, 180)
2021-03-29T22:18:01.396114+0300 spacy_lemmatization->tfidf->catboost is running. X shape = (8876, 180)
2021-03-29T22:18:07.238843+0300 spacy_lemmatization_rm_stopwords->bow->catboost is done. output = 0.6458554776366848
2021-03-29T22:18:07.322409+0300 spacy_lemmatization->w2v->catboost is running. X shape = (8876, 100)
2021-03-29T22:18:07.988225+0300 spacy_lemmatization_rm_stopwords->tfidf->catboost is done. output = 0.6152054431271657
2021-03-29T22:18:08.063742+0300 spacy_lemmatization_rm_stopwords->w2v->catboost is running. X shape = (8876, 100)
2021-03-29T22:18:40.427327+0300 spacy_lemmatization_rm_stopwords->bow+tfidf+w2w->catboost is running. X shape = (8876, 180)
2021-03-29T22:18:44.015100+0300 spacy_lemmatization->bow+tfidf+w2w->catboost is running. X shape = (8876, 180)
2021-03-29T22:19:45.834834+0300 spacy_lemmatization->bow->catboost is done. output = 0.7150094987781832
2021-03-29T22:19:48.676054+0300 spacy_lemmatization_rm_stopwords->w2v->catboost is done. output = 0.6872619711146484
2021-03-29T22:19:55.191367+0300 spacy_lemmatization->tfidf->catboost is done. output = 0.7022440097173049
2021-03-29T22:19:56.306392+0300 spacy_lemmatization_rm_stopwords->bow+tfidf+w2w->catboost is done. output = 0.6980090479915821
2021-03-29T22:19:56.959460+0300 spacy_lemmatization->w2v->catboost is done. output = 0.71235837609972
2021-03-29T22:19:58.457094+0300 spacy_lemmatization->bow+tfidf+w2w->catboost is done. output = 0.7080570778555041
2021-03-29T22:30:12.183915+0300 spacy_lemmatization_rm_stopwords->bow->catboost is running. X shape = (8876, 180)
2021-03-29T22:30:14.920300+0300 spacy_lemmatization->bow->catboost is running. X shape = (8876, 180)
2021-03-29T22:33:02.328363+0300 spacy_lemmatization_rm_stopwords->bow->catboost is running. X shape = (8876, 30)
2021-03-29T22:33:06.247051+0300 spacy_lemmatization_rm_stopwords->bow->catboost is done. output = 0.6363467440477473
2021-03-29T22:33:06.368632+0300 spacy_lemmatization->w2v->catboost is running. X shape = (8876, 30)
2021-03-29T22:33:06.639759+0300 spacy_lemmatization->bow->catboost is running. X shape = (8876, 30)
2021-03-29T22:33:12.141974+0300 spacy_lemmatization->tfidf->catboost is running. X shape = (8876, 30)
2021-03-29T22:33:13.285983+0300 spacy_lemmatization_rm_stopwords->tfidf->catboost is running. X shape = (8876, 30)
2021-03-29T22:33:20.579736+0300 spacy_lemmatization->bow->catboost is done. output = 0.6453396532930056
2021-03-29T22:33:20.651885+0300 spacy_lemmatization_rm_stopwords->w2v->catboost is running. X shape = (8876, 30)
2021-03-29T22:33:24.365690+0300 spacy_lemmatization_rm_stopwords->tfidf->catboost is done. output = 0.6089673630357659
2021-03-29T22:33:24.962639+0300 spacy_lemmatization->tfidf->catboost is done. output = 0.6247330065100407
2021-03-29T22:33:52.810794+0300 spacy_lemmatization->w2v->catboost is done. output = 0.7093876654835706
2021-03-29T22:33:55.212069+0300 spacy_lemmatization_rm_stopwords->bow+tfidf+w2w->catboost is running. X shape = (8876, 30)
2021-03-29T22:33:55.466321+0300 spacy_lemmatization->bow+tfidf+w2w->catboost is running. X shape = (8876, 30)
2021-03-29T22:33:56.974807+0300 spacy_lemmatization_rm_stopwords->w2v->catboost is done. output = 0.6888073793141156
2021-03-29T22:34:05.536546+0300 spacy_lemmatization_rm_stopwords->bow+tfidf+w2w->catboost is done. output = 0.6779328737621869
2021-03-29T22:34:07.857780+0300 spacy_lemmatization->bow+tfidf+w2w->catboost is done. output = 0.6975798728687899
2021-03-29T22:54:01.773391+0300 spacy_lemmatization_rm_stopwords->fasttext->catboost is running. X shape = (8876, 4)
2021-03-29T22:54:01.776551+0300 spacy_lemmatization->fasttext->catboost is running. X shape = (8876, 4)
2021-03-29T22:54:07.569540+0300 spacy_lemmatization->fasttext->catboost is done. output = 0.44912733656056564
2021-03-29T22:54:11.481121+0300 spacy_lemmatization_rm_stopwords->fasttext->catboost is done. output = 0.47020606720523367
2021-03-29T23:01:47.070579+0300 spacy_lemmatization->fasttext->catboost is running. X shape = (8876, 30)
2021-03-29T23:02:01.347446+0300 spacy_lemmatization->fasttext->catboost is done. output = 0.5692607386743764
2021-03-29T23:02:40.922456+0300 spacy_lemmatization->fasttext->logreg is running. X shape = (8876, 30)
2021-03-29T23:02:40.923867+0300 spacy_lemmatization->fasttext->sgdclsf is running. X shape = (8876, 30)
2021-03-29T23:02:42.153380+0300 spacy_lemmatization->fasttext->sgdclsf is done. output = 0.40894896925432606
2021-03-29T23:02:45.490626+0300 spacy_lemmatization->fasttext->logreg is done. output = 0.5152399360648726
2021-03-29T23:04:10.833591+0300 spacy_lemmatization->fasttext->logreg is running. X shape = (8876, 30)
2021-03-29T23:04:10.834818+0300 spacy_lemmatization->fasttext->sgdclsf is running. X shape = (8876, 30)
2021-03-29T23:04:12.024791+0300 spacy_lemmatization->fasttext->sgdclsf is done. output = 0.4047161921566711
2021-03-29T23:04:15.087647+0300 spacy_lemmatization->fasttext->logreg is done. output = 0.5117731482815672
2021-03-29T23:04:38.177056+0300 spacy_lemmatization->fasttext->logreg is running. X shape = (8876, 30)
2021-03-29T23:04:38.178482+0300 spacy_lemmatization->fasttext->sgdclsf is running. X shape = (8876, 30)
2021-03-29T23:04:39.673059+0300 spacy_lemmatization->fasttext->sgdclsf is done. output = 0.4475454709767739
2021-03-29T23:04:42.352532+0300 spacy_lemmatization->fasttext->logreg is done. output = 0.5072052284945417
2021-03-29T23:05:09.273229+0300 spacy_lemmatization->fasttext->logreg is running. X shape = (8876, 30)
2021-03-29T23:05:09.275762+0300 spacy_lemmatization->fasttext->sgdclsf is running. X shape = (8876, 30)
2021-03-29T23:05:10.508236+0300 spacy_lemmatization->fasttext->sgdclsf is done. output = 0.4272043065499795
2021-03-29T23:05:12.116996+0300 spacy_lemmatization->fasttext->logreg is done. output = 0.5032469998727516
2021-03-29T23:07:02.630165+0300 spacy_lemmatization->fasttext->logreg is running. X shape = (8876, 100)
2021-03-29T23:07:02.633050+0300 spacy_lemmatization->fasttext->sgdclsf is running. X shape = (8876, 100)
2021-03-29T23:07:05.784908+0300 spacy_lemmatization->fasttext->sgdclsf is done. output = 0.47604209887785115
2021-03-29T23:07:15.173555+0300 spacy_lemmatization->fasttext->logreg is done. output = 0.5616089627049918
2021-03-29T23:08:54.225363+0300 spacy_lemmatization->fasttext->logreg is running. X shape = (8876, 50)
2021-03-29T23:08:54.226550+0300 spacy_lemmatization->fasttext->sgdclsf is running. X shape = (8876, 50)
2021-03-29T23:08:55.981107+0300 spacy_lemmatization->fasttext->sgdclsf is done. output = 0.4744690754822221
2021-03-29T23:08:58.514142+0300 spacy_lemmatization->fasttext->logreg is done. output = 0.5322294342293059
2021-03-29T23:10:12.272104+0300 spacy_lemmatization->fasttext->logreg is running. X shape = (8876, 300)
2021-03-29T23:10:12.278997+0300 spacy_lemmatization->fasttext->catboost is running. X shape = (8876, 300)
2021-03-29T23:10:12.279374+0300 spacy_lemmatization->fasttext->sgdclsf is running. X shape = (8876, 300)
2021-03-29T23:10:25.124470+0300 spacy_lemmatization->fasttext->sgdclsf is done. output = 0.47983717590926
2021-03-29T23:10:25.779628+0300 spacy_lemmatization->fasttext->catboost is done. output = 0.5024002172554332
2021-03-29T23:10:53.760975+0300 spacy_lemmatization->fasttext->logreg is done. output = 0.5765565301627492
2021-03-29T23:12:15.007240+0300 spacy_lemmatization->fasttext->logreg is running. X shape = (8876, 300)
2021-03-29T23:12:50.771823+0300 spacy_lemmatization->fasttext->logreg is done. output = 0.5711549989718845
2021-03-30T15:58:37.545635+0300 spacy_lemmatization->fasttext->logreg is running. X shape = (8876, 300)
2021-03-30T16:00:10.056318+0300 spacy_lemmatization->fasttext->logreg is running. X shape = (8876, 300)
2021-03-30T16:03:32.792274+0300 spacy_lemmatization->w2v->logreg is running. X shape = (8876, 100)
2021-03-30T16:04:27.561090+0300 spacy_lemmatization->w2v->logreg is running. X shape = (8876, 100)
2021-03-30T16:04:28.065476+0300 spacy_lemmatization->bow->logreg is running. X shape = (8876, 100)
2021-03-30T16:10:11.683751+0300 spacy_lemmatization->w2v->logreg is running. X shape = (8876, 100)
2021-03-30T16:10:12.315460+0300 spacy_lemmatization->tfidf->logreg is running. X shape = (8876, 100)
2021-03-30T16:10:14.340782+0300 spacy_lemmatization->bow->logreg is running. X shape = (8876, 100)
2021-03-30T16:10:31.374546+0300 spacy_lemmatization->tfidf->logreg is done. output = 0.6678034493819807
2021-03-30T16:10:42.558922+0300 spacy_lemmatization->bow+tfidf+w2w->logreg is running. X shape = (8876, 100)
2021-03-30T16:10:42.896244+0300 spacy_lemmatization->w2v->logreg is done. output = 0.7120104163138631
2021-03-30T16:10:42.929068+0300 spacy_lemmatization->bow->logreg is done. output = 0.6747556237262692
2021-03-30T16:10:49.282439+0300 spacy_lemmatization->bow+tfidf+w2w->logreg is done. output = 0.7125226502569768
2021-03-30T16:20:06.817097+0300 custom_cleaning->bow->logreg is running. X shape = (8876, 100)
2021-03-30T16:20:08.028212+0300 custom_cleaning->tfidf->logreg is running. X shape = (8876, 100)
2021-03-30T16:20:09.352382+0300 spacy_lemmatization->bow->logreg is running. X shape = (8876, 100)
2021-03-30T16:20:10.916814+0300 spacy_lemmatization->tfidf->logreg is running. X shape = (8876, 100)
2021-03-30T16:20:31.684992+0300 custom_cleaning->tfidf->logreg is done. output = 0.6606662094135726
2021-03-30T16:20:31.777172+0300 spacy_lemmatization->w2v->logreg is running. X shape = (8876, 100)
2021-03-30T16:20:34.335539+0300 spacy_lemmatization->tfidf->logreg is done. output = 0.6678034493819807
2021-03-30T16:20:34.502464+0300 custom_cleaning->w2v->logreg is running. X shape = (8876, 100)
2021-03-30T16:20:35.098730+0300 custom_cleaning->bow->logreg is done. output = 0.6550708460257244
2021-03-30T16:20:50.347373+0300 spacy_lemmatization->bow->logreg is done. output = 0.6747556237262692
2021-03-30T16:21:02.248324+0300 custom_cleaning->bow+tfidf+w2w->logreg is running. X shape = (8876, 100)
2021-03-30T16:21:07.255713+0300 custom_cleaning->w2v->logreg is done. output = 0.704887046759504
2021-03-30T16:21:09.351779+0300 spacy_lemmatization->w2v->logreg is done. output = 0.7088194295238941
2021-03-30T16:21:10.255964+0300 spacy_lemmatization->bow+tfidf+w2w->logreg is running. X shape = (8876, 100)
2021-03-30T16:21:17.585298+0300 custom_cleaning->bow+tfidf+w2w->logreg is done. output = 0.704887046759504
2021-03-30T16:21:21.415734+0300 spacy_lemmatization->bow+tfidf+w2w->logreg is done. output = 0.7093712839019235
2021-03-30T16:42:57.397170+0300 custom_cleaning->bow->logreg is running. X shape = (8876, 100)
2021-03-30T16:42:58.229685+0300 custom_cleaning->tfidf->logreg is running. X shape = (8876, 100)
2021-03-30T16:42:58.934447+0300 spacy_lemmatization->bow->logreg is running. X shape = (8876, 100)
2021-03-30T16:43:30.383085+0300 custom_cleaning->w2v->logreg is running. X shape = (8876, 100)
2021-03-30T16:43:32.808169+0300 custom_cleaning->tfidf->logreg is done. output = 0.6606662094135726
2021-03-30T16:43:42.438856+0300 custom_cleaning->bow->logreg is done. output = 0.6550708460257244
2021-03-30T16:43:44.383379+0300 spacy_lemmatization->tfidf->logreg is running. X shape = (8876, 100)
2021-03-30T16:44:05.290913+0300 spacy_lemmatization->bow->logreg is done. output = 0.6747556237262692
2021-03-30T16:44:18.583980+0300 spacy_lemmatization->tfidf->logreg is done. output = 0.6678034493819807
2021-03-30T17:51:30.864884+0300 spacy_lemmatization->fasttext_pretrained->logreg is running. X shape = (8876, 100)
2021-03-30T17:51:32.266211+0300 spacy_lemmatization->fasttext_pretrained->logreg is done. output = 0.7440086206365886
2021-03-31T15:58:41.872637+0300 custom_cleaning->bow+tfidf+w2w->catboost is running. X shape = (8876, 100)
2021-03-31T15:58:41.899006+0300 custom_cleaning->bow+tfidf+w2w->logreg is running. X shape = (8876, 100)
2021-03-31T15:58:41.871782+0300 custom_cleaning->bow+tfidf+w2w->sgdclsf is running. X shape = (8876, 100)
2021-03-31T15:58:51.099290+0300 custom_cleaning->bow+tfidf+w2w->sgdclsf is done. output = 0.6767635217841464
2021-03-31T15:59:17.311837+0300 custom_cleaning->bow+tfidf+w2w->logreg is done. output = 0.705476639937937
2021-03-31T15:59:32.304420+0300 custom_cleaning->bow+tfidf+w2w->catboost is done. output = 0.7036356273812971
2021-03-31T16:02:28.004591+0300 custom_cleaning->fasttext_pretrained->logreg is running. X shape = (8876, 100)
2021-03-31T16:02:27.990291+0300 custom_cleaning->fasttext_pretrained->sgdclsf is running. X shape = (8876, 100)
2021-03-31T16:02:27.998600+0300 custom_cleaning->fasttext_pretrained->catboost is running. X shape = (8876, 100)
2021-03-31T16:02:30.879041+0300 custom_cleaning->fasttext_pretrained->logreg is done. output = 0.746028579840161
2021-03-31T16:02:31.993498+0300 custom_cleaning->fasttext_pretrained->sgdclsf is done. output = 0.7398305954280546
2021-03-31T16:02:56.102360+0300 spacy_lemmatization->fasttext_pretrained->sgdclsf is running. X shape = (8876, 100)
2021-03-31T16:02:56.107765+0300 spacy_lemmatization->fasttext_pretrained->catboost is running. X shape = (8876, 100)
2021-03-31T16:02:56.116534+0300 spacy_lemmatization->fasttext_pretrained->logreg is running. X shape = (8876, 100)
2021-03-31T16:03:00.989883+0300 spacy_lemmatization->fasttext_pretrained->logreg is done. output = 0.7440086206365886
2021-03-31T16:03:01.563107+0300 spacy_lemmatization->fasttext_pretrained->sgdclsf is done. output = 0.7336683802496159
2021-03-31T16:03:33.589905+0300 custom_cleaning->fasttext_pretrained->catboost is done. output = 0.7652865402952014
2021-03-31T16:03:39.120578+0300 spacy_lemmatization->fasttext_pretrained->catboost is done. output = 0.7450726371854689
2021-03-31T16:03:49.096656+0300 spacy_lemmatization->bow+tfidf+w2w->logreg is running. X shape = (8876, 100)
2021-03-31T16:03:49.099983+0300 spacy_lemmatization->bow+tfidf+w2w->sgdclsf is running. X shape = (8876, 100)
2021-03-31T16:03:49.108382+0300 spacy_lemmatization->bow+tfidf+w2w->catboost is running. X shape = (8876, 100)
2021-03-31T16:03:53.072985+0300 spacy_lemmatization->bow+tfidf+w2w->sgdclsf is done. output = 0.6875378217446142
2021-03-31T16:04:00.309028+0300 spacy_lemmatization->bow+tfidf+w2w->logreg is done. output = 0.7164167733290908
2021-03-31T16:04:11.955212+0300 spacy_lemmatization->bow+tfidf+w2w->catboost is done. output = 0.7065517559846992
2021-03-31T17:37:57.523854+0300 spacy_lemmatization->fasttext_pretrained->logreg is running. X shape = (8876, 100)
2021-03-31T17:37:57.509262+0300 spacy_lemmatization->fasttext_pretrained->sgdclsf is running. X shape = (8876, 100)
2021-03-31T17:37:57.678951+0300 spacy_lemmatization->fasttext_pretrained->catboost is running. X shape = (8876, 100)
2021-03-31T17:38:06.145253+0300 custom_cleaning->fasttext_pretrained->catboost is running. X shape = (8876, 100)
2021-03-31T17:38:08.076886+0300 spacy_lemmatization->fasttext_pretrained->sgdclsf is done. output = 0.7336683802496159
2021-03-31T17:38:08.146292+0300 custom_cleaning->fasttext_pretrained->logreg is running. X shape = (8876, 100)
2021-03-31T17:38:10.611388+0300 spacy_lemmatization->fasttext_pretrained->logreg is done. output = 0.7440086206365886
2021-03-31T17:38:10.652167+0300 custom_cleaning->fasttext_pretrained->sgdclsf is running. X shape = (8876, 100)
2021-03-31T17:38:12.257531+0300 custom_cleaning->fasttext_pretrained->logreg is done. output = 0.746028579840161
2021-03-31T17:38:16.053597+0300 custom_cleaning->fasttext_pretrained->sgdclsf is done. output = 0.7398305954280546
2021-03-31T17:39:09.520283+0300 custom_cleaning->bow+tfidf+w2w->catboost is running. X shape = (8876, 100)
2021-03-31T17:39:09.524377+0300 custom_cleaning->bow+tfidf+w2w->sgdclsf is running. X shape = (8876, 100)
2021-03-31T17:39:09.509258+0300 custom_cleaning->bow+tfidf+w2w->logreg is running. X shape = (8876, 100)
2021-03-31T17:39:14.858500+0300 custom_cleaning->bow+tfidf+w2w->sgdclsf is done. output = 0.674814099772067
2021-03-31T17:39:16.111616+0300 spacy_lemmatization->bow+tfidf+w2w->catboost is running. X shape = (8876, 100)
2021-03-31T17:39:16.581582+0300 spacy_lemmatization->fasttext_pretrained->catboost is done. output = 0.7450726371854689
2021-03-31T17:39:33.399400+0300 custom_cleaning->bow+tfidf+w2w->logreg is done. output = 0.7047954969200552
2021-03-31T17:39:46.919785+0300 spacy_lemmatization->bow+tfidf+w2w->sgdclsf is running. X shape = (8876, 100)
2021-03-31T17:39:46.923514+0300 spacy_lemmatization->bow+tfidf+w2w->logreg is running. X shape = (8876, 100)
2021-03-31T17:39:51.589020+0300 spacy_lemmatization->bow+tfidf+w2w->sgdclsf is done. output = 0.6901811410500489
2021-03-31T17:40:00.213331+0300 spacy_lemmatization->bow+tfidf+w2w->logreg is done. output = 0.7161308000513442
2021-03-31T17:40:05.858419+0300 custom_cleaning->fasttext_pretrained->catboost is done. output = 0.7652865402952014
2021-03-31T17:40:20.825368+0300 spacy_lemmatization->bow+tfidf+w2w->catboost is done. output = 0.7164134259395805
2021-03-31T17:40:29.267961+0300 custom_cleaning->bow+tfidf+w2w->catboost is done. output = 0.7095241450538191
2021-03-31T17:52:51.726788+0300 custom_cleaning->fasttext_pretrained->logreg is running. X shape = (8876, 300)
2021-03-31T17:52:51.737135+0300 custom_cleaning->fasttext_pretrained->sgdclsf is running. X shape = (8876, 300)
2021-03-31T17:52:51.828166+0300 custom_cleaning->fasttext_pretrained->catboost is running. X shape = (8876, 300)
2021-03-31T17:52:58.386507+0300 spacy_lemmatization->fasttext_pretrained->catboost is running. X shape = (8876, 300)
2021-03-31T17:53:11.320731+0300 custom_cleaning->fasttext_pretrained->sgdclsf is done. output = 0.7546720744259255
2021-03-31T17:53:12.938269+0300 custom_cleaning->fasttext_pretrained->logreg is done. output = 0.7568104635940525
2021-03-31T17:54:03.924576+0300 custom_cleaning->bow+tfidf+w2w->catboost is running. X shape = (8876, 300)
2021-03-31T17:54:11.542025+0300 spacy_lemmatization->bow+tfidf+w2w->logreg is running. X shape = (8876, 300)
2021-03-31T17:54:11.544384+0300 spacy_lemmatization->bow+tfidf+w2w->catboost is running. X shape = (8876, 300)
2021-03-31T17:54:11.544777+0300 spacy_lemmatization->bow+tfidf+w2w->sgdclsf is running. X shape = (8876, 300)
2021-03-31T17:54:25.165894+0300 spacy_lemmatization->bow+tfidf+w2w->sgdclsf is done. output = 0.7043091114064841
2021-03-31T17:54:50.911344+0300 custom_cleaning->bow+tfidf+w2w->logreg is running. X shape = (8876, 300)
2021-03-31T17:56:32.702520+0300 spacy_lemmatization->bow+tfidf+w2w->logreg is done. output = 0.7335239894825529
2021-03-31T17:56:51.675894+0300 custom_cleaning->bow+tfidf+w2w->logreg is done. output = 0.7270558915803004
2021-03-31T17:56:51.832245+0300 spacy_lemmatization->fasttext_pretrained->logreg is running. X shape = (8876, 300)
2021-03-31T17:56:52.881002+0300 custom_cleaning->bow+tfidf+w2w->sgdclsf is running. X shape = (8876, 300)
2021-03-31T17:57:01.361744+0300 spacy_lemmatization->fasttext_pretrained->logreg is done. output = 0.7559447542263482
2021-03-31T17:57:01.412572+0300 spacy_lemmatization->fasttext_pretrained->sgdclsf is running. X shape = (8876, 300)
2021-03-31T17:57:03.762658+0300 custom_cleaning->bow+tfidf+w2w->sgdclsf is done. output = 0.6948615353767339
2021-03-31T17:57:11.381069+0300 spacy_lemmatization->fasttext_pretrained->sgdclsf is done. output = 0.7445115851957821
2021-03-31T17:57:22.201868+0300 spacy_lemmatization->fasttext_pretrained->catboost is done. output = 0.7540138299609019
2021-03-31T17:57:55.583544+0300 spacy_lemmatization->bow+tfidf+w2w->catboost is done. output = 0.7204251200166331
2021-03-31T17:58:33.071427+0300 custom_cleaning->fasttext_pretrained->catboost is done. output = 0.7753161559115813
2021-03-31T17:58:39.242685+0300 custom_cleaning->bow+tfidf+w2w->catboost is done. output = 0.7181573280901422
