2021-03-29T16:47:55.685986+0300 INFO {} is done. output = 
2021-03-29T16:47:55.685986+0300 INFO {} is done. output = 
2021-03-29T16:47:55.685986+0300 INFO {} is done. output = 
2021-03-29T16:47:55.685986+0300 INFO {} is done. output = 
2021-03-29T16:47:55.685986+0300 INFO {} is done. output = 
2021-03-29T16:47:55.685986+0300 INFO {} is done. output = 
2021-03-29T16:47:56.216978+0300 INFO {} is done. output = 
2021-03-29T16:47:56.216978+0300 INFO {} is done. output = 
2021-03-29T16:47:56.216978+0300 INFO {} is done. output = 
2021-03-29T16:47:56.216978+0300 INFO {} is done. output = 
2021-03-29T16:47:56.216978+0300 INFO {} is done. output = 
2021-03-29T16:47:56.216978+0300 INFO {} is done. output = 
2021-03-29T16:48:00.536214+0300 INFO {} is done. output = 
2021-03-29T16:48:00.536214+0300 INFO {} is done. output = 
2021-03-29T16:48:00.536214+0300 INFO {} is done. output = 
2021-03-29T16:48:00.536214+0300 INFO {} is done. output = 
2021-03-29T16:48:00.536214+0300 INFO {} is done. output = 
2021-03-29T16:48:00.536214+0300 INFO {} is done. output = 
2021-03-29T16:48:00.675539+0300 INFO {} is done. output = 
2021-03-29T16:48:00.675539+0300 INFO {} is done. output = 
2021-03-29T16:48:00.675539+0300 INFO {} is done. output = 
2021-03-29T16:48:00.675539+0300 INFO {} is done. output = 
2021-03-29T16:48:00.675539+0300 INFO {} is done. output = 
2021-03-29T16:48:00.675539+0300 INFO {} is done. output = 
2021-03-29T16:48:00.803619+0300 INFO {} is done. output = 
2021-03-29T16:48:00.803619+0300 INFO {} is done. output = 
2021-03-29T16:48:00.803619+0300 INFO {} is done. output = 
2021-03-29T16:48:00.803619+0300 INFO {} is done. output = 
2021-03-29T16:48:00.803619+0300 INFO {} is done. output = 
2021-03-29T16:48:00.803619+0300 INFO {} is done. output = 
2021-03-29T16:48:01.173663+0300 INFO {} is done. output = 
2021-03-29T16:48:01.173663+0300 INFO {} is done. output = 
2021-03-29T16:48:01.173663+0300 INFO {} is done. output = 
2021-03-29T16:48:01.173663+0300 INFO {} is done. output = 
2021-03-29T16:48:01.173663+0300 INFO {} is done. output = 
2021-03-29T16:48:01.173663+0300 INFO {} is done. output = 
2021-03-29T16:50:08.301392+0300 INFO spacy_lemmatization_rm_stopwords/bow/logreg is running. X shape = 
2021-03-29T16:50:08.347508+0300 INFO spacy_lemmatization/bow/logreg is running. X shape = 
2021-03-29T16:50:08.347508+0300 INFO spacy_lemmatization/bow/logreg is running. X shape = 
2021-03-29T16:50:08.364262+0300 INFO spacy_lemmatization/tfidf/logreg is running. X shape = 
2021-03-29T16:50:08.364262+0300 INFO spacy_lemmatization/tfidf/logreg is running. X shape = 
2021-03-29T16:50:08.364262+0300 INFO spacy_lemmatization/tfidf/logreg is running. X shape = 
2021-03-29T16:50:08.369222+0300 INFO spacy_lemmatization_rm_stopwords/tfidf/logreg is running. X shape = 
2021-03-29T16:50:08.369222+0300 INFO spacy_lemmatization_rm_stopwords/tfidf/logreg is running. X shape = 
2021-03-29T16:50:08.369222+0300 INFO spacy_lemmatization_rm_stopwords/tfidf/logreg is running. X shape = 
2021-03-29T16:50:08.369222+0300 INFO spacy_lemmatization_rm_stopwords/tfidf/logreg is running. X shape = 
2021-03-29T16:50:10.059784+0300 INFO spacy_lemmatization_rm_stopwords/w2v/logreg is running. X shape = 
2021-03-29T16:50:10.059784+0300 INFO spacy_lemmatization_rm_stopwords/w2v/logreg is running. X shape = 
2021-03-29T16:50:10.059784+0300 INFO spacy_lemmatization_rm_stopwords/w2v/logreg is running. X shape = 
2021-03-29T16:50:10.059784+0300 INFO spacy_lemmatization_rm_stopwords/w2v/logreg is running. X shape = 
2021-03-29T16:50:10.059784+0300 INFO spacy_lemmatization_rm_stopwords/w2v/logreg is running. X shape = 
2021-03-29T16:50:10.331204+0300 INFO spacy_lemmatization/w2v/logreg is running. X shape = 
2021-03-29T16:50:10.331204+0300 INFO spacy_lemmatization/w2v/logreg is running. X shape = 
2021-03-29T16:50:10.331204+0300 INFO spacy_lemmatization/w2v/logreg is running. X shape = 
2021-03-29T16:50:10.331204+0300 INFO spacy_lemmatization/w2v/logreg is running. X shape = 
2021-03-29T16:50:10.331204+0300 INFO spacy_lemmatization/w2v/logreg is running. X shape = 
2021-03-29T16:50:10.331204+0300 INFO spacy_lemmatization/w2v/logreg is running. X shape = 
2021-03-29T16:50:11.608482+0300 INFO spacy_lemmatization_rm_stopwords/w2v/logreg is done. output = 
2021-03-29T16:50:11.608482+0300 INFO spacy_lemmatization_rm_stopwords/w2v/logreg is done. output = 
2021-03-29T16:50:11.608482+0300 INFO spacy_lemmatization_rm_stopwords/w2v/logreg is done. output = 
2021-03-29T16:50:11.608482+0300 INFO spacy_lemmatization_rm_stopwords/w2v/logreg is done. output = 
2021-03-29T16:50:11.608482+0300 INFO spacy_lemmatization_rm_stopwords/w2v/logreg is done. output = 
2021-03-29T16:50:11.608482+0300 INFO spacy_lemmatization_rm_stopwords/w2v/logreg is done. output = 
2021-03-29T16:50:11.961368+0300 INFO spacy_lemmatization/w2v/logreg is done. output = 
2021-03-29T16:50:11.961368+0300 INFO spacy_lemmatization/w2v/logreg is done. output = 
2021-03-29T16:50:11.961368+0300 INFO spacy_lemmatization/w2v/logreg is done. output = 
2021-03-29T16:50:11.961368+0300 INFO spacy_lemmatization/w2v/logreg is done. output = 
2021-03-29T16:50:11.961368+0300 INFO spacy_lemmatization/w2v/logreg is done. output = 
2021-03-29T16:50:11.961368+0300 INFO spacy_lemmatization/w2v/logreg is done. output = 
2021-03-29T16:50:16.260998+0300 INFO spacy_lemmatization/tfidf/logreg is done. output = 
2021-03-29T16:50:16.260998+0300 INFO spacy_lemmatization/tfidf/logreg is done. output = 
2021-03-29T16:50:16.260998+0300 INFO spacy_lemmatization/tfidf/logreg is done. output = 
2021-03-29T16:50:16.260998+0300 INFO spacy_lemmatization/tfidf/logreg is done. output = 
2021-03-29T16:50:16.260998+0300 INFO spacy_lemmatization/tfidf/logreg is done. output = 
2021-03-29T16:50:16.260998+0300 INFO spacy_lemmatization/tfidf/logreg is done. output = 
2021-03-29T16:50:16.278068+0300 INFO spacy_lemmatization_rm_stopwords/bow/logreg is done. output = 
2021-03-29T16:50:16.278068+0300 INFO spacy_lemmatization_rm_stopwords/bow/logreg is done. output = 
2021-03-29T16:50:16.278068+0300 INFO spacy_lemmatization_rm_stopwords/bow/logreg is done. output = 
2021-03-29T16:50:16.278068+0300 INFO spacy_lemmatization_rm_stopwords/bow/logreg is done. output = 
2021-03-29T16:50:16.278068+0300 INFO spacy_lemmatization_rm_stopwords/bow/logreg is done. output = 
2021-03-29T16:50:16.278068+0300 INFO spacy_lemmatization_rm_stopwords/bow/logreg is done. output = 
2021-03-29T16:50:16.337038+0300 INFO spacy_lemmatization_rm_stopwords/tfidf/logreg is done. output = 
2021-03-29T16:50:16.337038+0300 INFO spacy_lemmatization_rm_stopwords/tfidf/logreg is done. output = 
2021-03-29T16:50:16.337038+0300 INFO spacy_lemmatization_rm_stopwords/tfidf/logreg is done. output = 
2021-03-29T16:50:16.337038+0300 INFO spacy_lemmatization_rm_stopwords/tfidf/logreg is done. output = 
2021-03-29T16:50:16.337038+0300 INFO spacy_lemmatization_rm_stopwords/tfidf/logreg is done. output = 
2021-03-29T16:50:16.337038+0300 INFO spacy_lemmatization_rm_stopwords/tfidf/logreg is done. output = 
2021-03-29T16:50:16.631915+0300 INFO spacy_lemmatization/bow/logreg is done. output = 
2021-03-29T16:50:16.631915+0300 INFO spacy_lemmatization/bow/logreg is done. output = 
2021-03-29T16:50:16.631915+0300 INFO spacy_lemmatization/bow/logreg is done. output = 
2021-03-29T16:50:16.631915+0300 INFO spacy_lemmatization/bow/logreg is done. output = 
2021-03-29T16:50:16.631915+0300 INFO spacy_lemmatization/bow/logreg is done. output = 
2021-03-29T16:50:16.631915+0300 INFO spacy_lemmatization/bow/logreg is done. output = 
2021-03-29T16:50:49.476346+0300 INFO spacy_lemmatization->bow->logreg is running. X shape = (498, 2385)
2021-03-29T16:50:49.484348+0300 INFO spacy_lemmatization_rm_stopwords->bow->logreg is running. X shape = (498, 2229)
2021-03-29T16:50:49.484348+0300 INFO spacy_lemmatization_rm_stopwords->bow->logreg is running. X shape = (498, 2229)
2021-03-29T16:50:49.496705+0300 INFO spacy_lemmatization_rm_stopwords->tfidf->logreg is running. X shape = (498, 2229)
2021-03-29T16:50:49.496705+0300 INFO spacy_lemmatization_rm_stopwords->tfidf->logreg is running. X shape = (498, 2229)
2021-03-29T16:50:49.496705+0300 INFO spacy_lemmatization_rm_stopwords->tfidf->logreg is running. X shape = (498, 2229)
2021-03-29T16:50:49.508069+0300 INFO spacy_lemmatization->tfidf->logreg is running. X shape = (498, 2385)
2021-03-29T16:50:49.508069+0300 INFO spacy_lemmatization->tfidf->logreg is running. X shape = (498, 2385)
2021-03-29T16:50:49.508069+0300 INFO spacy_lemmatization->tfidf->logreg is running. X shape = (498, 2385)
2021-03-29T16:50:49.508069+0300 INFO spacy_lemmatization->tfidf->logreg is running. X shape = (498, 2385)
2021-03-29T16:50:51.139359+0300 INFO spacy_lemmatization_rm_stopwords->w2v->logreg is running. X shape = (498, 100)
2021-03-29T16:50:51.139359+0300 INFO spacy_lemmatization_rm_stopwords->w2v->logreg is running. X shape = (498, 100)
2021-03-29T16:50:51.139359+0300 INFO spacy_lemmatization_rm_stopwords->w2v->logreg is running. X shape = (498, 100)
2021-03-29T16:50:51.139359+0300 INFO spacy_lemmatization_rm_stopwords->w2v->logreg is running. X shape = (498, 100)
2021-03-29T16:50:51.139359+0300 INFO spacy_lemmatization_rm_stopwords->w2v->logreg is running. X shape = (498, 100)
2021-03-29T16:50:51.522191+0300 INFO spacy_lemmatization->w2v->logreg is running. X shape = (498, 100)
2021-03-29T16:50:51.522191+0300 INFO spacy_lemmatization->w2v->logreg is running. X shape = (498, 100)
2021-03-29T16:50:51.522191+0300 INFO spacy_lemmatization->w2v->logreg is running. X shape = (498, 100)
2021-03-29T16:50:51.522191+0300 INFO spacy_lemmatization->w2v->logreg is running. X shape = (498, 100)
2021-03-29T16:50:51.522191+0300 INFO spacy_lemmatization->w2v->logreg is running. X shape = (498, 100)
2021-03-29T16:50:51.522191+0300 INFO spacy_lemmatization->w2v->logreg is running. X shape = (498, 100)
2021-03-29T16:50:52.594846+0300 INFO spacy_lemmatization_rm_stopwords->w2v->logreg is done. output = (498, 100)
2021-03-29T16:50:52.594846+0300 INFO spacy_lemmatization_rm_stopwords->w2v->logreg is done. output = (498, 100)
2021-03-29T16:50:52.594846+0300 INFO spacy_lemmatization_rm_stopwords->w2v->logreg is done. output = (498, 100)
2021-03-29T16:50:52.594846+0300 INFO spacy_lemmatization_rm_stopwords->w2v->logreg is done. output = (498, 100)
2021-03-29T16:50:52.594846+0300 INFO spacy_lemmatization_rm_stopwords->w2v->logreg is done. output = (498, 100)
2021-03-29T16:50:52.594846+0300 INFO spacy_lemmatization_rm_stopwords->w2v->logreg is done. output = (498, 100)
2021-03-29T16:50:53.386467+0300 INFO spacy_lemmatization->w2v->logreg is done. output = (498, 100)
2021-03-29T16:50:53.386467+0300 INFO spacy_lemmatization->w2v->logreg is done. output = (498, 100)
2021-03-29T16:50:53.386467+0300 INFO spacy_lemmatization->w2v->logreg is done. output = (498, 100)
2021-03-29T16:50:53.386467+0300 INFO spacy_lemmatization->w2v->logreg is done. output = (498, 100)
2021-03-29T16:50:53.386467+0300 INFO spacy_lemmatization->w2v->logreg is done. output = (498, 100)
2021-03-29T16:50:53.386467+0300 INFO spacy_lemmatization->w2v->logreg is done. output = (498, 100)
2021-03-29T16:50:56.771941+0300 INFO spacy_lemmatization_rm_stopwords->tfidf->logreg is done. output = (498, 2229)
2021-03-29T16:50:56.771941+0300 INFO spacy_lemmatization_rm_stopwords->tfidf->logreg is done. output = (498, 2229)
2021-03-29T16:50:56.771941+0300 INFO spacy_lemmatization_rm_stopwords->tfidf->logreg is done. output = (498, 2229)
2021-03-29T16:50:56.771941+0300 INFO spacy_lemmatization_rm_stopwords->tfidf->logreg is done. output = (498, 2229)
2021-03-29T16:50:56.771941+0300 INFO spacy_lemmatization_rm_stopwords->tfidf->logreg is done. output = (498, 2229)
2021-03-29T16:50:56.771941+0300 INFO spacy_lemmatization_rm_stopwords->tfidf->logreg is done. output = (498, 2229)
2021-03-29T16:50:57.382893+0300 INFO spacy_lemmatization->tfidf->logreg is done. output = (498, 2385)
2021-03-29T16:50:57.382893+0300 INFO spacy_lemmatization->tfidf->logreg is done. output = (498, 2385)
2021-03-29T16:50:57.382893+0300 INFO spacy_lemmatization->tfidf->logreg is done. output = (498, 2385)
2021-03-29T16:50:57.382893+0300 INFO spacy_lemmatization->tfidf->logreg is done. output = (498, 2385)
2021-03-29T16:50:57.382893+0300 INFO spacy_lemmatization->tfidf->logreg is done. output = (498, 2385)
2021-03-29T16:50:57.382893+0300 INFO spacy_lemmatization->tfidf->logreg is done. output = (498, 2385)
2021-03-29T16:50:57.417986+0300 INFO spacy_lemmatization_rm_stopwords->bow->logreg is done. output = (498, 2229)
2021-03-29T16:50:57.417986+0300 INFO spacy_lemmatization_rm_stopwords->bow->logreg is done. output = (498, 2229)
2021-03-29T16:50:57.417986+0300 INFO spacy_lemmatization_rm_stopwords->bow->logreg is done. output = (498, 2229)
2021-03-29T16:50:57.417986+0300 INFO spacy_lemmatization_rm_stopwords->bow->logreg is done. output = (498, 2229)
2021-03-29T16:50:57.417986+0300 INFO spacy_lemmatization_rm_stopwords->bow->logreg is done. output = (498, 2229)
2021-03-29T16:50:57.417986+0300 INFO spacy_lemmatization_rm_stopwords->bow->logreg is done. output = (498, 2229)
2021-03-29T16:50:57.637699+0300 INFO spacy_lemmatization->bow->logreg is done. output = (498, 2385)
2021-03-29T16:50:57.637699+0300 INFO spacy_lemmatization->bow->logreg is done. output = (498, 2385)
2021-03-29T16:50:57.637699+0300 INFO spacy_lemmatization->bow->logreg is done. output = (498, 2385)
2021-03-29T16:50:57.637699+0300 INFO spacy_lemmatization->bow->logreg is done. output = (498, 2385)
2021-03-29T16:50:57.637699+0300 INFO spacy_lemmatization->bow->logreg is done. output = (498, 2385)
2021-03-29T16:50:57.637699+0300 INFO spacy_lemmatization->bow->logreg is done. output = (498, 2385)
